<?xml version="1.0" encoding="UTF-8"?>
<coverage generated="1717253829571" clover="3.2.0">
  <project timestamp="1717253829571" name="All files">
    <metrics statements="13" coveredstatements="7" conditionals="4" coveredconditionals="2" methods="2" coveredmethods="1" elements="19" coveredelements="10" complexity="0" loc="13" ncloc="13" packages="1" files="1" classes="1"/>
    <file name="twoSum.js" path="/Users/takocheung/Repo/Leetcode/Solutions/twoSum.js">
      <metrics statements="13" coveredstatements="7" conditionals="4" coveredconditionals="2" methods="2" coveredmethods="1"/>
      <line num="5" count="0" type="stmt"/>
      <line num="6" count="0" type="stmt"/>
      <line num="7" count="0" type="stmt"/>
      <line num="8" count="0" type="stmt"/>
      <line num="9" count="0" type="cond" truecount="0" falsecount="2"/>
      <line num="15" count="1" type="stmt"/>
      <line num="16" count="6" type="stmt"/>
      <line num="18" count="6" type="stmt"/>
      <line num="19" count="10013" type="cond" truecount="2" falsecount="0"/>
      <line num="20" count="6" type="stmt"/>
      <line num="23" count="10007" type="stmt"/>
      <line num="26" count="0" type="stmt"/>
      <line num="29" count="1" type="stmt"/>
    </file>
  </project>
</coverage>
