{"/Users/takocheung/Repo/Leetcode/Solutions/twoSum.js": {"path":"/Users/takocheung/Repo/Leetcode/Solutions/twoSum.js","statementMap":{"0":{"start":{"line":5,"column":14},"end":{"line":5,"column":15}},"1":{"start":{"line":6,"column":14},"end":{"line":6,"column":29}},"2":{"start":{"line":7,"column":1},"end":{"line":11,"column":2}},"3":{"start":{"line":7,"column":19},"end":{"line":7,"column":20}},"4":{"start":{"line":8,"column":2},"end":{"line":10,"column":3}},"5":{"start":{"line":8,"column":20},"end":{"line":8,"column":30}},"6":{"start":{"line":9,"column":3},"end":{"line":9,"column":70}},"7":{"start":{"line":9,"column":46},"end":{"line":9,"column":70}},"8":{"start":{"line":15,"column":13},"end":{"line":27,"column":1}},"9":{"start":{"line":16,"column":14},"end":{"line":16,"column":16}},"10":{"start":{"line":18,"column":1},"end":{"line":24,"column":2}},"11":{"start":{"line":18,"column":14},"end":{"line":18,"column":15}},"12":{"start":{"line":19,"column":2},"end":{"line":21,"column":3}},"13":{"start":{"line":20,"column":3},"end":{"line":20,"column":37}},"14":{"start":{"line":23,"column":2},"end":{"line":23,"column":19}},"15":{"start":{"line":26,"column":1},"end":{"line":26,"column":17}},"16":{"start":{"line":29,"column":0},"end":{"line":29,"column":24}}},"fnMap":{"0":{"name":"twoSumNSquare","decl":{"start":{"line":4,"column":9},"end":{"line":4,"column":22}},"loc":{"start":{"line":4,"column":37},"end":{"line":12,"column":1}},"line":4},"1":{"name":"(anonymous_1)","decl":{"start":{"line":15,"column":13},"end":{"line":15,"column":14}},"loc":{"start":{"line":15,"column":36},"end":{"line":27,"column":1}},"line":15}},"branchMap":{"0":{"loc":{"start":{"line":9,"column":3},"end":{"line":9,"column":70}},"type":"if","locations":[{"start":{"line":9,"column":3},"end":{"line":9,"column":70}},{"start":{},"end":{}}],"line":9},"1":{"loc":{"start":{"line":19,"column":2},"end":{"line":21,"column":3}},"type":"if","locations":[{"start":{"line":19,"column":2},"end":{"line":21,"column":3}},{"start":{},"end":{}}],"line":19}},"s":{"0":0,"1":0,"2":0,"3":0,"4":0,"5":0,"6":0,"7":0,"8":1,"9":6,"10":6,"11":6,"12":10013,"13":6,"14":10007,"15":0,"16":1},"f":{"0":0,"1":6},"b":{"0":[0,0],"1":[6,10007]},"_coverageSchema":"1a1c01bbd47fc00a2c39e90264f33305004495a9","hash":"656cba1553ea1c87d9f1af130da88cd8da6c15bb"}
}
